{"/Users/buddhieashwarage/Documents/Codes/pet_projects/property_ninja/back-end-nodejs/src/pgsql.ts": {"path":"/Users/buddhieashwarage/Documents/Codes/pet_projects/property_ninja/back-end-nodejs/src/pgsql.ts","statementMap":{"0":{"start":{"line":1,"column":0},"end":{"line":1,"column":28}},"1":{"start":{"line":2,"column":0},"end":{"line":2,"column":28}},"2":{"start":{"line":4,"column":0},"end":{"line":4,"column":16}},"3":{"start":{"line":6,"column":14},"end":{"line":10,"column":2}},"4":{"start":{"line":11,"column":15},"end":{"line":17,"column":2}},"5":{"start":{"line":18,"column":0},"end":{"line":18,"column":17}},"6":{"start":{"line":20,"column":11},"end":{"line":20,"column":41}},"7":{"start":{"line":24,"column":0},"end":{"line":27,"column":45}},"8":{"start":{"line":26,"column":24},"end":{"line":26,"column":60}},"9":{"start":{"line":27,"column":21},"end":{"line":27,"column":43}}},"fnMap":{"0":{"name":"(anonymous_1)","decl":{"start":{"line":26,"column":8},"end":{"line":26,"column":9}},"loc":{"start":{"line":26,"column":21},"end":{"line":26,"column":62}}},"1":{"name":"(anonymous_2)","decl":{"start":{"line":27,"column":9},"end":{"line":27,"column":10}},"loc":{"start":{"line":27,"column":21},"end":{"line":27,"column":43}}}},"branchMap":{},"s":{"0":1,"1":1,"2":1,"3":1,"4":1,"5":1,"6":1,"7":1,"8":0,"9":0},"f":{"0":0,"1":0},"b":{}}
,"/Users/buddhieashwarage/Documents/Codes/pet_projects/property_ninja/back-end-nodejs/src/sum.ts": {"path":"/Users/buddhieashwarage/Documents/Codes/pet_projects/property_ninja/back-end-nodejs/src/sum.ts","statementMap":{"0":{"start":{"line":1,"column":12},"end":{"line":3,"column":1}},"1":{"start":{"line":2,"column":2},"end":{"line":2,"column":15}},"2":{"start":{"line":5,"column":0},"end":{"line":5,"column":19}}},"fnMap":{"0":{"name":"(anonymous_0)","decl":{"start":{"line":1,"column":12},"end":{"line":1,"column":13}},"loc":{"start":{"line":1,"column":45},"end":{"line":3,"column":1}}}},"branchMap":{},"s":{"0":1,"1":1,"2":1},"f":{"0":1},"b":{}}
}
